<?xml version="1.0" encoding="UTF-8"?>
<!-- Generated by org.testng.reporters.JUnitReportReporter -->
<testsuite hostname="Anik" failures="0" tests="6" name="testCase.HybridTestCaseTest" time="5.083" errors="0" timestamp="20 Nov. 2019 12:07:00 GMT" skipped="0">
  <testcase classname="testCase.HybridTestCaseTest" name="ApplicationUnderTest" time="0.261"/>
  <testcase classname="testCase.HybridTestCaseTest" name="ApplicationUnderTest" time="0.155"/>
  <testcase classname="testCase.HybridTestCaseTest" name="ApplicationUnderTest" time="0.455"/>
  <testcase classname="testCase.HybridTestCaseTest" name="ApplicationUnderTest" time="0.045"/>
  <testcase classname="testCase.HybridTestCaseTest" name="ApplicationUnderTest" time="4.003"/>
  <testcase classname="testCase.HybridTestCaseTest" name="ApplicationUnderTest" time="0.164"/>
</testsuite> <!-- testCase.HybridTestCaseTest -->
