<?xml version="1.0" encoding="UTF-8"?>
<!-- Generated by org.testng.reporters.JUnitReportReporter -->
<testsuite hostname="Anik" failures="0" tests="6" name="testCase.HybridTestCaseTest" time="4.819" errors="0" timestamp="04 Dec. 2019 11:32:04 GMT" skipped="0">
  <testcase classname="testCase.HybridTestCaseTest" name="ApplicationUnderTest" time="0.112"/>
  <testcase classname="testCase.HybridTestCaseTest" name="ApplicationUnderTest" time="0.187"/>
  <testcase classname="testCase.HybridTestCaseTest" name="ApplicationUnderTest" time="4.001"/>
  <testcase classname="testCase.HybridTestCaseTest" name="ApplicationUnderTest" time="0.021"/>
  <testcase classname="testCase.HybridTestCaseTest" name="ApplicationUnderTest" time="0.089"/>
  <testcase classname="testCase.HybridTestCaseTest" name="ApplicationUnderTest" time="0.409"/>
</testsuite> <!-- testCase.HybridTestCaseTest -->
